0 info it worked if it ends with ok
1 verbose cli [ '/usr/bin/node', '/usr/bin/npm', 'run', 'go' ]
2 info using npm@3.5.2
3 info using node@v8.10.0
4 verbose run-script [ 'prego', 'go', 'postgo' ]
5 info lifecycle randn@1.0.0~prego: randn@1.0.0
6 silly lifecycle randn@1.0.0~prego: no script for prego, continuing
7 info lifecycle randn@1.0.0~go: randn@1.0.0
8 verbose lifecycle randn@1.0.0~go: unsafe-perm in lifecycle true
9 verbose lifecycle randn@1.0.0~go: PATH: /usr/share/npm/bin/node-gyp-bin:/home/steemit/test/playground/JS/DOM/frameworks\library/React/React+nodejs/node_modules/.bin:/home/steemit/.local/share/umake/bin:/usr/local/sbin:/usr/local/bin:/usr/sbin:/usr/bin:/sbin:/bin:/usr/games:/usr/local/games
10 verbose lifecycle randn@1.0.0~go: CWD: /home/steemit/test/playground/JS/DOM/frameworks\library/React/React+nodejs
11 silly lifecycle randn@1.0.0~go: Args: [ '-c', 'npm run webpack && nodemon server.js' ]
12 silly lifecycle randn@1.0.0~go: Returned: code: 1  signal: null
13 info lifecycle randn@1.0.0~go: Failed to exec go script
14 verbose stack Error: randn@1.0.0 go: `npm run webpack && nodemon server.js`
14 verbose stack Exit status 1
14 verbose stack     at EventEmitter.<anonymous> (/usr/share/npm/lib/utils/lifecycle.js:232:16)
14 verbose stack     at emitTwo (events.js:126:13)
14 verbose stack     at EventEmitter.emit (events.js:214:7)
14 verbose stack     at ChildProcess.<anonymous> (/usr/share/npm/lib/utils/spawn.js:24:14)
14 verbose stack     at emitTwo (events.js:126:13)
14 verbose stack     at ChildProcess.emit (events.js:214:7)
14 verbose stack     at maybeClose (internal/child_process.js:925:16)
14 verbose stack     at Process.ChildProcess._handle.onexit (internal/child_process.js:209:5)
15 verbose pkgid randn@1.0.0
16 verbose cwd /home/steemit/test/playground/JS/DOM/frameworks\library/React/React+nodejs
17 error Linux 4.15.0-46-generic
18 error argv "/usr/bin/node" "/usr/bin/npm" "run" "go"
19 error node v8.10.0
20 error npm  v3.5.2
21 error code ELIFECYCLE
22 error randn@1.0.0 go: `npm run webpack && nodemon server.js`
22 error Exit status 1
23 error Failed at the randn@1.0.0 go script 'npm run webpack && nodemon server.js'.
23 error Make sure you have the latest version of node.js and npm installed.
23 error If you do, this is most likely a problem with the randn package,
23 error not with npm itself.
23 error Tell the author that this fails on your system:
23 error     npm run webpack && nodemon server.js
23 error You can get information on how to open an issue for this project with:
23 error     npm bugs randn
23 error Or if that isn't available, you can get their info via:
23 error     npm owner ls randn
23 error There is likely additional logging output above.
24 verbose exit [ 1, true ]
